build/app/intermediates/manifest_merge_blame_file/debug/manifest-merger-blame-debug-report.txt
1<?xml version="1.0" encoding="utf-8"?>
2<manifest xmlns:android="http://schemas.android.com/apk/res/android"
3    package="com.example.resell_app"
4    android:versionCode="1"
5    android:versionName="1.0.0" >
6
7    <uses-sdk
8        android:minSdkVersion="21"
9        android:targetSdkVersion="33" />
10    <!--
11         The INTERNET permission is required for development. Specifically,
12         the Flutter tool needs it to communicate with the running application
13         to allow setting breakpoints, to provide hot reload, etc.
14    -->
15    <uses-permission android:name="android.permission.INTERNET" />
15-->src/main/AndroidManifest.xml:4:5-67
15-->src/main/AndroidManifest.xml:4:22-64
16    <uses-permission android:name="android.permission.ACCESS_FINE_LOCATION" />
16-->src/main/AndroidManifest.xml:2:5-79
16-->src/main/AndroidManifest.xml:2:22-76
17    <uses-permission android:name="android.permission.ACCESS_COARSE_LOCATION" />
17-->src/main/AndroidManifest.xml:3:5-81
17-->src/main/AndroidManifest.xml:3:22-78
18    <uses-permission android:name="android.permission.ACCESS_BACKGROUND_LOCATION" />
18-->src/main/AndroidManifest.xml:5:5-85
18-->src/main/AndroidManifest.xml:5:22-82
19    <uses-permission android:name="android.permission.FOREGROUND_SERVICE" />
19-->[:geolocator_android] AndroidManifest.xml:9:5-77
19-->[:geolocator_android] AndroidManifest.xml:9:22-74
20    <uses-permission android:name="android.permission.ACCESS_NETWORK_STATE" />
20-->[com.google.firebase:firebase-auth:22.0.0] AndroidManifest.xml:26:5-79
20-->[com.google.firebase:firebase-auth:22.0.0] AndroidManifest.xml:26:22-76
21    <uses-permission android:name="android.permission.WAKE_LOCK" />
21-->[com.google.android.gms:play-services-measurement-api:21.2.2] AndroidManifest.xml:24:5-68
21-->[com.google.android.gms:play-services-measurement-api:21.2.2] AndroidManifest.xml:24:22-65
22    <uses-permission android:name="com.google.android.gms.permission.AD_ID" /> <!-- Android package visibility setting -->
22-->[com.google.android.gms:play-services-measurement-api:21.2.2] AndroidManifest.xml:25:5-79
22-->[com.google.android.gms:play-services-measurement-api:21.2.2] AndroidManifest.xml:25:22-76
23    <queries>
23-->[com.google.android.gms:play-services-ads-lite:22.0.0] AndroidManifest.xml:32:5-48:15
24
25        <!-- For browser content -->
26        <intent>
26-->[com.google.android.gms:play-services-ads-lite:22.0.0] AndroidManifest.xml:35:9-41:18
27            <action android:name="android.intent.action.VIEW" />
27-->[com.google.firebase:firebase-auth:22.0.0] AndroidManifest.xml:36:17-69
27-->[com.google.firebase:firebase-auth:22.0.0] AndroidManifest.xml:36:25-66
28
29            <category android:name="android.intent.category.BROWSABLE" />
29-->[com.google.firebase:firebase-auth:22.0.0] AndroidManifest.xml:39:17-78
29-->[com.google.firebase:firebase-auth:22.0.0] AndroidManifest.xml:39:27-75
30
31            <data android:scheme="https" />
31-->[com.google.firebase:firebase-auth:22.0.0] AndroidManifest.xml:41:17-44:51
31-->[com.google.firebase:firebase-auth:22.0.0] AndroidManifest.xml:44:21-48
32        </intent>
33        <!-- End of browser content -->
34        <!-- For CustomTabsService -->
35        <intent>
35-->[com.google.android.gms:play-services-ads-lite:22.0.0] AndroidManifest.xml:44:9-46:18
36            <action android:name="android.support.customtabs.action.CustomTabsService" />
36-->[com.google.android.gms:play-services-ads-lite:22.0.0] AndroidManifest.xml:45:13-90
36-->[com.google.android.gms:play-services-ads-lite:22.0.0] AndroidManifest.xml:45:21-87
37        </intent>
38        <!-- End of CustomTabsService -->
39    </queries>
40
41    <uses-permission android:name="com.google.android.finsky.permission.BIND_GET_INSTALL_REFERRER_SERVICE" />
41-->[com.google.android.gms:play-services-measurement:21.2.2] AndroidManifest.xml:26:5-110
41-->[com.google.android.gms:play-services-measurement:21.2.2] AndroidManifest.xml:26:22-107
42
43    <permission
43-->[androidx.core:core:1.10.1] AndroidManifest.xml:22:5-24:47
44        android:name="com.example.resell_app.DYNAMIC_RECEIVER_NOT_EXPORTED_PERMISSION"
44-->[androidx.core:core:1.10.1] AndroidManifest.xml:23:9-81
45        android:protectionLevel="signature" />
45-->[androidx.core:core:1.10.1] AndroidManifest.xml:24:9-44
46
47    <uses-permission android:name="com.example.resell_app.DYNAMIC_RECEIVER_NOT_EXPORTED_PERMISSION" />
47-->[androidx.core:core:1.10.1] AndroidManifest.xml:26:5-97
47-->[androidx.core:core:1.10.1] AndroidManifest.xml:26:22-94
48
49    <application
50        android:name="android.app.Application"
51        android:appComponentFactory="androidx.core.app.CoreComponentFactory"
51-->[androidx.core:core:1.10.1] AndroidManifest.xml:28:18-86
52        android:debuggable="true"
53        android:icon="@mipmap/launcher_icon"
54        android:label="resell_app" >
55        <activity
56            android:name="com.example.resell_app.MainActivity"
57            android:configChanges="orientation|keyboardHidden|keyboard|screenSize|smallestScreenSize|locale|layoutDirection|fontScale|screenLayout|density|uiMode"
58            android:exported="true"
59            android:hardwareAccelerated="true"
60            android:launchMode="singleTop"
61            android:theme="@style/LaunchTheme"
62            android:windowSoftInputMode="adjustResize" >
63
64            <!--
65                 Specifies an Android theme to apply to this Activity as soon as
66                 the Android process has started. This theme is visible to the user
67                 while the Flutter UI initializes. After that, this theme continues
68                 to determine the Window background behind the Flutter UI.
69            -->
70            <meta-data
71                android:name="io.flutter.embedding.android.NormalTheme"
72                android:resource="@style/NormalTheme" />
73
74            <intent-filter>
75                <action android:name="android.intent.action.MAIN" />
76
77                <category android:name="android.intent.category.LAUNCHER" />
78            </intent-filter>
79        </activity>
80        <!--
81             Don't delete the meta-data below.
82             This is used by the Flutter tool to generate GeneratedPluginRegistrant.java
83        -->
84        <meta-data
85            android:name="flutterEmbedding"
86            android:value="2" />
87        <meta-data
88            android:name="com.google.android.gms.ads.APPLICATION_ID"
89            android:value="ca-app-pub-5287375986342847~1280172247" />
90
91        <service
91-->[:cloud_firestore] AndroidManifest.xml:10:9-14:19
92            android:name="com.google.firebase.components.ComponentDiscoveryService"
92-->[:cloud_firestore] AndroidManifest.xml:10:18-89
93            android:directBootAware="true"
93-->[com.google.firebase:firebase-common:20.3.2] AndroidManifest.xml:34:13-43
94            android:exported="false" >
94-->[com.google.firebase:firebase-analytics-ktx:21.2.2] AndroidManifest.xml:10:13-37
95            <meta-data
95-->[:cloud_firestore] AndroidManifest.xml:11:13-13:85
96                android:name="com.google.firebase.components:io.flutter.plugins.firebase.firestore.FlutterFirebaseFirestoreRegistrar"
96-->[:cloud_firestore] AndroidManifest.xml:12:17-134
97                android:value="com.google.firebase.components.ComponentRegistrar" />
97-->[:cloud_firestore] AndroidManifest.xml:13:17-82
98            <meta-data
98-->[:firebase_auth] AndroidManifest.xml:11:13-13:85
99                android:name="com.google.firebase.components:io.flutter.plugins.firebase.auth.FlutterFirebaseAuthRegistrar"
99-->[:firebase_auth] AndroidManifest.xml:12:17-124
100                android:value="com.google.firebase.components.ComponentRegistrar" />
100-->[:firebase_auth] AndroidManifest.xml:13:17-82
101            <meta-data
101-->[:firebase_storage] AndroidManifest.xml:11:13-13:85
102                android:name="com.google.firebase.components:io.flutter.plugins.firebase.storage.FlutterFirebaseAppRegistrar"
102-->[:firebase_storage] AndroidManifest.xml:12:17-126
103                android:value="com.google.firebase.components.ComponentRegistrar" />
103-->[:firebase_storage] AndroidManifest.xml:13:17-82
104            <meta-data
104-->[:firebase_core] AndroidManifest.xml:11:13-13:85
105                android:name="com.google.firebase.components:io.flutter.plugins.firebase.core.FlutterFirebaseCoreRegistrar"
105-->[:firebase_core] AndroidManifest.xml:12:17-124
106                android:value="com.google.firebase.components.ComponentRegistrar" />
106-->[:firebase_core] AndroidManifest.xml:13:17-82
107            <meta-data
107-->[com.google.firebase:firebase-analytics-ktx:21.2.2] AndroidManifest.xml:11:13-13:85
108                android:name="com.google.firebase.components:com.google.firebase.analytics.ktx.FirebaseAnalyticsKtxRegistrar"
108-->[com.google.firebase:firebase-analytics-ktx:21.2.2] AndroidManifest.xml:12:17-126
109                android:value="com.google.firebase.components.ComponentRegistrar" />
109-->[com.google.firebase:firebase-analytics-ktx:21.2.2] AndroidManifest.xml:13:17-82
110            <meta-data
110-->[com.google.firebase:firebase-common-ktx:20.3.2] AndroidManifest.xml:14:13-16:85
111                android:name="com.google.firebase.components:com.google.firebase.ktx.FirebaseCommonKtxRegistrar"
111-->[com.google.firebase:firebase-common-ktx:20.3.2] AndroidManifest.xml:15:17-113
112                android:value="com.google.firebase.components.ComponentRegistrar" />
112-->[com.google.firebase:firebase-common-ktx:20.3.2] AndroidManifest.xml:16:17-82
113            <meta-data
113-->[com.google.firebase:firebase-auth:22.0.0] AndroidManifest.xml:69:13-71:85
114                android:name="com.google.firebase.components:com.google.firebase.auth.FirebaseAuthRegistrar"
114-->[com.google.firebase:firebase-auth:22.0.0] AndroidManifest.xml:70:17-109
115                android:value="com.google.firebase.components.ComponentRegistrar" />
115-->[com.google.firebase:firebase-auth:22.0.0] AndroidManifest.xml:71:17-82
116            <meta-data
116-->[com.google.firebase:firebase-firestore:24.6.0] AndroidManifest.xml:19:13-21:85
117                android:name="com.google.firebase.components:com.google.firebase.firestore.FirestoreRegistrar"
117-->[com.google.firebase:firebase-firestore:24.6.0] AndroidManifest.xml:20:17-111
118                android:value="com.google.firebase.components.ComponentRegistrar" />
118-->[com.google.firebase:firebase-firestore:24.6.0] AndroidManifest.xml:21:17-82
119            <meta-data
119-->[com.google.firebase:firebase-storage:20.2.0] AndroidManifest.xml:32:13-34:85
120                android:name="com.google.firebase.components:com.google.firebase.storage.StorageRegistrar"
120-->[com.google.firebase:firebase-storage:20.2.0] AndroidManifest.xml:33:17-107
121                android:value="com.google.firebase.components.ComponentRegistrar" />
121-->[com.google.firebase:firebase-storage:20.2.0] AndroidManifest.xml:34:17-82
122            <meta-data
122-->[com.google.android.gms:play-services-measurement-api:21.2.2] AndroidManifest.xml:31:13-33:85
123                android:name="com.google.firebase.components:com.google.firebase.analytics.connector.internal.AnalyticsConnectorRegistrar"
123-->[com.google.android.gms:play-services-measurement-api:21.2.2] AndroidManifest.xml:32:17-139
124                android:value="com.google.firebase.components.ComponentRegistrar" />
124-->[com.google.android.gms:play-services-measurement-api:21.2.2] AndroidManifest.xml:33:17-82
125            <meta-data
125-->[com.google.firebase:firebase-installations:17.1.3] AndroidManifest.xml:17:13-19:85
126                android:name="com.google.firebase.components:com.google.firebase.installations.FirebaseInstallationsRegistrar"
126-->[com.google.firebase:firebase-installations:17.1.3] AndroidManifest.xml:18:17-127
127                android:value="com.google.firebase.components.ComponentRegistrar" />
127-->[com.google.firebase:firebase-installations:17.1.3] AndroidManifest.xml:19:17-82
128        </service>
129        <service
129-->[:geolocator_android] AndroidManifest.xml:12:9-16:56
130            android:name="com.baseflow.geolocator.GeolocatorLocationService"
130-->[:geolocator_android] AndroidManifest.xml:13:13-77
131            android:enabled="true"
131-->[:geolocator_android] AndroidManifest.xml:14:13-35
132            android:exported="false"
132-->[:geolocator_android] AndroidManifest.xml:15:13-37
133            android:foregroundServiceType="location" />
133-->[:geolocator_android] AndroidManifest.xml:16:13-53
134
135        <provider
135-->[:image_picker_android] AndroidManifest.xml:10:9-18:20
136            android:name="io.flutter.plugins.imagepicker.ImagePickerFileProvider"
136-->[:image_picker_android] AndroidManifest.xml:11:13-82
137            android:authorities="com.example.resell_app.flutter.image_provider"
137-->[:image_picker_android] AndroidManifest.xml:12:13-74
138            android:exported="false"
138-->[:image_picker_android] AndroidManifest.xml:13:13-37
139            android:grantUriPermissions="true" >
139-->[:image_picker_android] AndroidManifest.xml:14:13-47
140            <meta-data
140-->[:image_picker_android] AndroidManifest.xml:15:13-17:75
141                android:name="android.support.FILE_PROVIDER_PATHS"
141-->[:image_picker_android] AndroidManifest.xml:16:17-67
142                android:resource="@xml/flutter_image_picker_file_paths" />
142-->[:image_picker_android] AndroidManifest.xml:17:17-72
143        </provider>
144
145        <activity
145-->[:url_launcher_android] AndroidManifest.xml:10:9-13:74
146            android:name="io.flutter.plugins.urllauncher.WebViewActivity"
146-->[:url_launcher_android] AndroidManifest.xml:11:13-74
147            android:exported="false"
147-->[:url_launcher_android] AndroidManifest.xml:12:13-37
148            android:theme="@android:style/Theme.NoTitleBar.Fullscreen" />
148-->[:url_launcher_android] AndroidManifest.xml:13:13-71
149
150        <meta-data
150-->[:google_mobile_ads] AndroidManifest.xml:12:9-14:36
151            android:name="io.flutter.embedded_views_preview"
151-->[:google_mobile_ads] AndroidManifest.xml:13:13-61
152            android:value="true" />
152-->[:google_mobile_ads] AndroidManifest.xml:14:13-33
153
154        <activity
154-->[com.google.firebase:firebase-auth:22.0.0] AndroidManifest.xml:29:9-46:20
155            android:name="com.google.firebase.auth.internal.GenericIdpActivity"
155-->[com.google.firebase:firebase-auth:22.0.0] AndroidManifest.xml:30:13-80
156            android:excludeFromRecents="true"
156-->[com.google.firebase:firebase-auth:22.0.0] AndroidManifest.xml:31:13-46
157            android:exported="true"
157-->[com.google.firebase:firebase-auth:22.0.0] AndroidManifest.xml:32:13-36
158            android:launchMode="singleTask"
158-->[com.google.firebase:firebase-auth:22.0.0] AndroidManifest.xml:33:13-44
159            android:theme="@android:style/Theme.Translucent.NoTitleBar" >
159-->[com.google.firebase:firebase-auth:22.0.0] AndroidManifest.xml:34:13-72
160            <intent-filter>
160-->[com.google.firebase:firebase-auth:22.0.0] AndroidManifest.xml:35:13-45:29
161                <action android:name="android.intent.action.VIEW" />
161-->[com.google.firebase:firebase-auth:22.0.0] AndroidManifest.xml:36:17-69
161-->[com.google.firebase:firebase-auth:22.0.0] AndroidManifest.xml:36:25-66
162
163                <category android:name="android.intent.category.DEFAULT" />
163-->[com.google.firebase:firebase-auth:22.0.0] AndroidManifest.xml:38:17-76
163-->[com.google.firebase:firebase-auth:22.0.0] AndroidManifest.xml:38:27-73
164                <category android:name="android.intent.category.BROWSABLE" />
164-->[com.google.firebase:firebase-auth:22.0.0] AndroidManifest.xml:39:17-78
164-->[com.google.firebase:firebase-auth:22.0.0] AndroidManifest.xml:39:27-75
165
166                <data
166-->[com.google.firebase:firebase-auth:22.0.0] AndroidManifest.xml:41:17-44:51
167                    android:host="firebase.auth"
167-->[com.google.firebase:firebase-auth:22.0.0] AndroidManifest.xml:42:21-49
168                    android:path="/"
168-->[com.google.firebase:firebase-auth:22.0.0] AndroidManifest.xml:43:21-37
169                    android:scheme="genericidp" />
169-->[com.google.firebase:firebase-auth:22.0.0] AndroidManifest.xml:44:21-48
170            </intent-filter>
171        </activity>
172        <activity
172-->[com.google.firebase:firebase-auth:22.0.0] AndroidManifest.xml:47:9-64:20
173            android:name="com.google.firebase.auth.internal.RecaptchaActivity"
173-->[com.google.firebase:firebase-auth:22.0.0] AndroidManifest.xml:48:13-79
174            android:excludeFromRecents="true"
174-->[com.google.firebase:firebase-auth:22.0.0] AndroidManifest.xml:49:13-46
175            android:exported="true"
175-->[com.google.firebase:firebase-auth:22.0.0] AndroidManifest.xml:50:13-36
176            android:launchMode="singleTask"
176-->[com.google.firebase:firebase-auth:22.0.0] AndroidManifest.xml:51:13-44
177            android:theme="@android:style/Theme.Translucent.NoTitleBar" >
177-->[com.google.firebase:firebase-auth:22.0.0] AndroidManifest.xml:52:13-72
178            <intent-filter>
178-->[com.google.firebase:firebase-auth:22.0.0] AndroidManifest.xml:53:13-63:29
179                <action android:name="android.intent.action.VIEW" />
179-->[com.google.firebase:firebase-auth:22.0.0] AndroidManifest.xml:36:17-69
179-->[com.google.firebase:firebase-auth:22.0.0] AndroidManifest.xml:36:25-66
180
181                <category android:name="android.intent.category.DEFAULT" />
181-->[com.google.firebase:firebase-auth:22.0.0] AndroidManifest.xml:38:17-76
181-->[com.google.firebase:firebase-auth:22.0.0] AndroidManifest.xml:38:27-73
182                <category android:name="android.intent.category.BROWSABLE" />
182-->[com.google.firebase:firebase-auth:22.0.0] AndroidManifest.xml:39:17-78
182-->[com.google.firebase:firebase-auth:22.0.0] AndroidManifest.xml:39:27-75
183
184                <data
184-->[com.google.firebase:firebase-auth:22.0.0] AndroidManifest.xml:41:17-44:51
185                    android:host="firebase.auth"
185-->[com.google.firebase:firebase-auth:22.0.0] AndroidManifest.xml:42:21-49
186                    android:path="/"
186-->[com.google.firebase:firebase-auth:22.0.0] AndroidManifest.xml:43:21-37
187                    android:scheme="recaptcha" />
187-->[com.google.firebase:firebase-auth:22.0.0] AndroidManifest.xml:44:21-48
188            </intent-filter>
189        </activity>
190        <activity
190-->[com.google.android.gms:play-services-auth:20.4.0] AndroidManifest.xml:23:9-27:75
191            android:name="com.google.android.gms.auth.api.signin.internal.SignInHubActivity"
191-->[com.google.android.gms:play-services-auth:20.4.0] AndroidManifest.xml:24:13-93
192            android:excludeFromRecents="true"
192-->[com.google.android.gms:play-services-auth:20.4.0] AndroidManifest.xml:25:13-46
193            android:exported="false"
193-->[com.google.android.gms:play-services-auth:20.4.0] AndroidManifest.xml:26:13-37
194            android:theme="@android:style/Theme.Translucent.NoTitleBar" />
194-->[com.google.android.gms:play-services-auth:20.4.0] AndroidManifest.xml:27:13-72
195        <!--
196            Service handling Google Sign-In user revocation. For apps that do not integrate with
197            Google Sign-In, this service will never be started.
198        -->
199        <service
199-->[com.google.android.gms:play-services-auth:20.4.0] AndroidManifest.xml:33:9-37:51
200            android:name="com.google.android.gms.auth.api.signin.RevocationBoundService"
200-->[com.google.android.gms:play-services-auth:20.4.0] AndroidManifest.xml:34:13-89
201            android:exported="true"
201-->[com.google.android.gms:play-services-auth:20.4.0] AndroidManifest.xml:35:13-36
202            android:permission="com.google.android.gms.auth.api.signin.permission.REVOCATION_NOTIFICATION"
202-->[com.google.android.gms:play-services-auth:20.4.0] AndroidManifest.xml:36:13-107
203            android:visibleToInstantApps="true" />
203-->[com.google.android.gms:play-services-auth:20.4.0] AndroidManifest.xml:37:13-48
204
205        <provider
205-->[com.google.firebase:firebase-common:20.3.2] AndroidManifest.xml:25:9-30:39
206            android:name="com.google.firebase.provider.FirebaseInitProvider"
206-->[com.google.firebase:firebase-common:20.3.2] AndroidManifest.xml:26:13-77
207            android:authorities="com.example.resell_app.firebaseinitprovider"
207-->[com.google.firebase:firebase-common:20.3.2] AndroidManifest.xml:27:13-72
208            android:directBootAware="true"
208-->[com.google.firebase:firebase-common:20.3.2] AndroidManifest.xml:28:13-43
209            android:exported="false"
209-->[com.google.firebase:firebase-common:20.3.2] AndroidManifest.xml:29:13-37
210            android:initOrder="100" />
210-->[com.google.firebase:firebase-common:20.3.2] AndroidManifest.xml:30:13-36
211
212        <activity
212-->[com.google.android.gms:play-services-base:18.1.0] AndroidManifest.xml:20:9-22:45
213            android:name="com.google.android.gms.common.api.GoogleApiActivity"
213-->[com.google.android.gms:play-services-base:18.1.0] AndroidManifest.xml:20:19-85
214            android:exported="false"
214-->[com.google.android.gms:play-services-base:18.1.0] AndroidManifest.xml:22:19-43
215            android:theme="@android:style/Theme.Translucent.NoTitleBar" /> <!-- Include the AdActivity and InAppPurchaseActivity configChanges and themes. -->
215-->[com.google.android.gms:play-services-base:18.1.0] AndroidManifest.xml:21:19-78
216        <activity
216-->[com.google.android.gms:play-services-ads-lite:22.0.0] AndroidManifest.xml:53:9-58:43
217            android:name="com.google.android.gms.ads.AdActivity"
217-->[com.google.android.gms:play-services-ads-lite:22.0.0] AndroidManifest.xml:54:13-65
218            android:configChanges="keyboard|keyboardHidden|orientation|screenLayout|uiMode|screenSize|smallestScreenSize"
218-->[com.google.android.gms:play-services-ads-lite:22.0.0] AndroidManifest.xml:55:13-122
219            android:exported="false"
219-->[com.google.android.gms:play-services-ads-lite:22.0.0] AndroidManifest.xml:56:13-37
220            android:theme="@android:style/Theme.Translucent" />
220-->[com.google.android.gms:play-services-ads-lite:22.0.0] AndroidManifest.xml:57:13-61
221
222        <provider
222-->[com.google.android.gms:play-services-ads-lite:22.0.0] AndroidManifest.xml:60:9-65:43
223            android:name="com.google.android.gms.ads.MobileAdsInitProvider"
223-->[com.google.android.gms:play-services-ads-lite:22.0.0] AndroidManifest.xml:61:13-76
224            android:authorities="com.example.resell_app.mobileadsinitprovider"
224-->[com.google.android.gms:play-services-ads-lite:22.0.0] AndroidManifest.xml:62:13-73
225            android:exported="false"
225-->[com.google.android.gms:play-services-ads-lite:22.0.0] AndroidManifest.xml:63:13-37
226            android:initOrder="100" />
226-->[com.google.android.gms:play-services-ads-lite:22.0.0] AndroidManifest.xml:64:13-36
227
228        <service
228-->[com.google.android.gms:play-services-ads-lite:22.0.0] AndroidManifest.xml:67:9-71:43
229            android:name="com.google.android.gms.ads.AdService"
229-->[com.google.android.gms:play-services-ads-lite:22.0.0] AndroidManifest.xml:68:13-64
230            android:enabled="true"
230-->[com.google.android.gms:play-services-ads-lite:22.0.0] AndroidManifest.xml:69:13-35
231            android:exported="false" />
231-->[com.google.android.gms:play-services-ads-lite:22.0.0] AndroidManifest.xml:70:13-37
232
233        <activity
233-->[com.google.android.gms:play-services-ads-lite:22.0.0] AndroidManifest.xml:73:9-77:43
234            android:name="com.google.android.gms.ads.OutOfContextTestingActivity"
234-->[com.google.android.gms:play-services-ads-lite:22.0.0] AndroidManifest.xml:74:13-82
235            android:configChanges="keyboard|keyboardHidden|orientation|screenLayout|uiMode|screenSize|smallestScreenSize"
235-->[com.google.android.gms:play-services-ads-lite:22.0.0] AndroidManifest.xml:75:13-122
236            android:exported="false" />
236-->[com.google.android.gms:play-services-ads-lite:22.0.0] AndroidManifest.xml:76:13-37
237
238        <receiver
238-->[com.google.android.gms:play-services-measurement:21.2.2] AndroidManifest.xml:29:9-33:20
239            android:name="com.google.android.gms.measurement.AppMeasurementReceiver"
239-->[com.google.android.gms:play-services-measurement:21.2.2] AndroidManifest.xml:30:13-85
240            android:enabled="true"
240-->[com.google.android.gms:play-services-measurement:21.2.2] AndroidManifest.xml:31:13-35
241            android:exported="false" >
241-->[com.google.android.gms:play-services-measurement:21.2.2] AndroidManifest.xml:32:13-37
242        </receiver>
243
244        <service
244-->[com.google.android.gms:play-services-measurement:21.2.2] AndroidManifest.xml:35:9-38:40
245            android:name="com.google.android.gms.measurement.AppMeasurementService"
245-->[com.google.android.gms:play-services-measurement:21.2.2] AndroidManifest.xml:36:13-84
246            android:enabled="true"
246-->[com.google.android.gms:play-services-measurement:21.2.2] AndroidManifest.xml:37:13-35
247            android:exported="false" />
247-->[com.google.android.gms:play-services-measurement:21.2.2] AndroidManifest.xml:38:13-37
248        <service
248-->[com.google.android.gms:play-services-measurement:21.2.2] AndroidManifest.xml:39:9-43:72
249            android:name="com.google.android.gms.measurement.AppMeasurementJobService"
249-->[com.google.android.gms:play-services-measurement:21.2.2] AndroidManifest.xml:40:13-87
250            android:enabled="true"
250-->[com.google.android.gms:play-services-measurement:21.2.2] AndroidManifest.xml:41:13-35
251            android:exported="false"
251-->[com.google.android.gms:play-services-measurement:21.2.2] AndroidManifest.xml:42:13-37
252            android:permission="android.permission.BIND_JOB_SERVICE" />
252-->[com.google.android.gms:play-services-measurement:21.2.2] AndroidManifest.xml:43:13-69
253
254        <meta-data
254-->[com.google.android.gms:play-services-basement:18.1.0] AndroidManifest.xml:21:9-23:69
255            android:name="com.google.android.gms.version"
255-->[com.google.android.gms:play-services-basement:18.1.0] AndroidManifest.xml:22:13-58
256            android:value="@integer/google_play_services_version" />
256-->[com.google.android.gms:play-services-basement:18.1.0] AndroidManifest.xml:23:13-66
257
258        <uses-library
258-->[androidx.window:window:1.0.0-beta04] AndroidManifest.xml:25:9-27:40
259            android:name="androidx.window.extensions"
259-->[androidx.window:window:1.0.0-beta04] AndroidManifest.xml:26:13-54
260            android:required="false" />
260-->[androidx.window:window:1.0.0-beta04] AndroidManifest.xml:27:13-37
261        <uses-library
261-->[androidx.window:window:1.0.0-beta04] AndroidManifest.xml:28:9-30:40
262            android:name="androidx.window.sidecar"
262-->[androidx.window:window:1.0.0-beta04] AndroidManifest.xml:29:13-51
263            android:required="false" />
263-->[androidx.window:window:1.0.0-beta04] AndroidManifest.xml:30:13-37
264
265        <provider
265-->[androidx.work:work-runtime:2.7.0] AndroidManifest.xml:31:9-39:20
266            android:name="androidx.startup.InitializationProvider"
266-->[androidx.work:work-runtime:2.7.0] AndroidManifest.xml:32:13-67
267            android:authorities="com.example.resell_app.androidx-startup"
267-->[androidx.work:work-runtime:2.7.0] AndroidManifest.xml:33:13-68
268            android:exported="false" >
268-->[androidx.work:work-runtime:2.7.0] AndroidManifest.xml:34:13-37
269            <meta-data
269-->[androidx.work:work-runtime:2.7.0] AndroidManifest.xml:36:13-38:52
270                android:name="androidx.work.WorkManagerInitializer"
270-->[androidx.work:work-runtime:2.7.0] AndroidManifest.xml:37:17-68
271                android:value="androidx.startup" />
271-->[androidx.work:work-runtime:2.7.0] AndroidManifest.xml:38:17-49
272            <meta-data
272-->[androidx.lifecycle:lifecycle-process:2.6.1] AndroidManifest.xml:29:13-31:52
273                android:name="androidx.lifecycle.ProcessLifecycleInitializer"
273-->[androidx.lifecycle:lifecycle-process:2.6.1] AndroidManifest.xml:30:17-78
274                android:value="androidx.startup" />
274-->[androidx.lifecycle:lifecycle-process:2.6.1] AndroidManifest.xml:31:17-49
275            <meta-data
275-->[androidx.profileinstaller:profileinstaller:1.3.0] AndroidManifest.xml:29:13-31:52
276                android:name="androidx.profileinstaller.ProfileInstallerInitializer"
276-->[androidx.profileinstaller:profileinstaller:1.3.0] AndroidManifest.xml:30:17-85
277                android:value="androidx.startup" />
277-->[androidx.profileinstaller:profileinstaller:1.3.0] AndroidManifest.xml:31:17-49
278        </provider>
279
280        <service
280-->[androidx.work:work-runtime:2.7.0] AndroidManifest.xml:41:9-46:35
281            android:name="androidx.work.impl.background.systemalarm.SystemAlarmService"
281-->[androidx.work:work-runtime:2.7.0] AndroidManifest.xml:42:13-88
282            android:directBootAware="false"
282-->[androidx.work:work-runtime:2.7.0] AndroidManifest.xml:43:13-44
283            android:enabled="@bool/enable_system_alarm_service_default"
283-->[androidx.work:work-runtime:2.7.0] AndroidManifest.xml:44:13-72
284            android:exported="false" />
284-->[androidx.work:work-runtime:2.7.0] AndroidManifest.xml:45:13-37
285        <service
285-->[androidx.work:work-runtime:2.7.0] AndroidManifest.xml:47:9-53:35